****************************************
Report : timing
	-path_type full_clock_expanded
	-delay_type max
	-max_paths 1
	-sort_by slack
Design : simple
Version: W-2024.09-SP2
Date   : Mon Dec  1 22:56:50 2025
****************************************

Warning: There is 1 invalid end point for constrained paths. (UITE-416)
No constrained paths.

1
****************************************
Report : timing
	-path_type full_clock_expanded
	-delay_type min
	-max_paths 1
	-sort_by slack
Design : simple
Version: W-2024.09-SP2
Date   : Mon Dec  1 22:56:50 2025
****************************************

Warning: There is 1 invalid end point for constrained paths. (UITE-416)
No constrained paths.

1
