## 取得 Max Delay (即 t_pdq)
****************************************
Report : delay_calculation
Design : simple
Version: W-2024.09-SP2
Date   : Tue Dec  2 06:50:23 2025
****************************************

From pin: l1/D
To pin:   l1/Q
Main Library Units:  1ns  1pF  1kOhm

Library: 'sky130_fd_sc_hd__tt_025C_1v80'
Library Units:  1ns  1pF  1kOhm
Library Cell: 'sky130_fd_sc_hd__dlxtn_1'
arc sense:                       positive_unate
arc type:                        cell
Units:  1ns  1pF  1kOhm

### DQ Delay
 Rise Delay

   cell delay = 25.9169 (in library unit)
     Table is indexed by
      (X) input_pin_transition = 0.2
      (Y) output_net_total_cap = 4.00033
     Relevant portion of lookup table:
                   (X)  0.1225      (X)  0.2823
  (Y)  0.0618      (Z)  0.7250      (Z)  0.7523
  (Y)  0.1621      (Z)  1.3653      (Z)  1.3935

     Z = A + B*X + C*Y + D*X*Y
     A =  0.3095           B =  0.1671
     C =  6.3809           D =  0.0605

  Z = 25.9169
  scaling result for operating conditions
  multiplying by 1 gives 25.9169 (in library unit)

 Fall Delay

   cell delay = 13.6407 (in library unit)
     Table is indexed by
      (X) input_pin_transition = 0.25
      (Y) output_net_total_cap = 4.00033
     Relevant portion of lookup table:
                   (X)  0.1225      (X)  0.2823
  (Y)  0.0618      (Z)  0.4645      (Z)  0.5216
  (Y)  0.1621      (Z)  0.7996      (Z)  0.8554

     Z = A + B*X + C*Y + D*X*Y
     A =  0.2133           B =  0.3624
     C =  3.3544           D = -0.0817

  Z = 13.6407
  scaling result for operating conditions
  multiplying by 1 gives 13.6407 (in library unit)

  Cell Delay
  rise:  25.9169 (in library unit)
  fall:  13.6407 (in library unit)

Rise delay = 25.9169
Fall delay = 13.6407

Units:  1ns  1pF  1kOhm
### DQ Transition
  Transition rise
   transition = 36.7866 (in library unit)
     Table is indexed by
      (X) input_pin_transition = 0
      (Y) output_net_total_cap = 4.00033
     Relevant portion of lookup table:
                   (X)  0.0100      (X)  0.0231
  (Y)  0.0618      (Z)  0.5763      (Z)  0.5763
  (Y)  0.1621      (Z)  1.4982      (Z)  1.4987

     Z = A + B*X + C*Y + D*X*Y
     A =  0.0078           B = -0.0260
     C =  9.1940           D =  0.4353

  Z = 36.7866
  scaling result for operating conditions
  multiplying by 1 gives 36.7866 (in library unit)


  Transition fall
   transition = 18.1221 (in library unit)
     Table is indexed by
      (X) input_pin_transition = 0
      (Y) output_net_total_cap = 4.00033
     Relevant portion of lookup table:
                   (X)  0.0100      (X)  0.0231
  (Y)  0.0618      (Z)  0.2824      (Z)  0.2844
  (Y)  0.1621      (Z)  0.7305      (Z)  0.7249

     Z = A + B*X + C*Y + D*X*Y
     A =  0.0007           B =  0.5189
     C =  4.5300           D = -5.8596

  Z = 18.1221
  scaling result for operating conditions
  multiplying by 1 gives 18.1221 (in library unit)


Rise transition = 36.7866
Fall transition = 18.1221
1
## 取得 Min Delay (即 t_cdq)
****************************************
Report : delay_calculation
	-min
Design : simple
Version: W-2024.09-SP2
Date   : Tue Dec  2 06:50:23 2025
****************************************

From pin: l1/D
To pin:   l1/Q
Main Library Units:  1ns  1pF  1kOhm

Library: 'sky130_fd_sc_hd__tt_025C_1v80'
Library Units:  1ns  1pF  1kOhm
Library Cell: 'sky130_fd_sc_hd__dlxtn_1'
arc sense:                       positive_unate
arc type:                        cell
Units:  1ns  1pF  1kOhm

### DQ Delay
 Rise Delay

   cell delay = 25.9 (in library unit)
     Table is indexed by
      (X) input_pin_transition = 0.1
      (Y) output_net_total_cap = 4.00033
     Relevant portion of lookup table:
                   (X)  0.0531      (X)  0.1225
  (Y)  0.0618      (Z)  0.7043      (Z)  0.7250
  (Y)  0.1621      (Z)  1.3462      (Z)  1.3653

     Z = A + B*X + C*Y + D*X*Y
     A =  0.2916           B =  0.3138
     C =  6.4180           D = -0.2430

  Z = 25.9
  scaling result for operating conditions
  multiplying by 1 gives 25.9 (in library unit)

 Fall Delay

   cell delay = 13.6372 (in library unit)
     Table is indexed by
      (X) input_pin_transition = 0.15
      (Y) output_net_total_cap = 4.00033
     Relevant portion of lookup table:
                   (X)  0.1225      (X)  0.2823
  (Y)  0.0618      (Z)  0.4645      (Z)  0.5216
  (Y)  0.1621      (Z)  0.7996      (Z)  0.8554

     Z = A + B*X + C*Y + D*X*Y
     A =  0.2133           B =  0.3624
     C =  3.3544           D = -0.0817

  Z = 13.6372
  scaling result for operating conditions
  multiplying by 1 gives 13.6372 (in library unit)

  Cell Delay
  rise:  25.9 (in library unit)
  fall:  13.6372 (in library unit)

Rise delay = 25.9
Fall delay = 13.6372

Units:  1ns  1pF  1kOhm
### DQ Transition
  Transition rise
   transition = 36.7866 (in library unit)
     Table is indexed by
      (X) input_pin_transition = 0
      (Y) output_net_total_cap = 4.00033
     Relevant portion of lookup table:
                   (X)  0.0100      (X)  0.0231
  (Y)  0.0618      (Z)  0.5763      (Z)  0.5763
  (Y)  0.1621      (Z)  1.4982      (Z)  1.4987

     Z = A + B*X + C*Y + D*X*Y
     A =  0.0078           B = -0.0260
     C =  9.1940           D =  0.4353

  Z = 36.7866
  scaling result for operating conditions
  multiplying by 1 gives 36.7866 (in library unit)


  Transition fall
   transition = 18.1221 (in library unit)
     Table is indexed by
      (X) input_pin_transition = 0
      (Y) output_net_total_cap = 4.00033
     Relevant portion of lookup table:
                   (X)  0.0100      (X)  0.0231
  (Y)  0.0618      (Z)  0.2824      (Z)  0.2844
  (Y)  0.1621      (Z)  0.7305      (Z)  0.7249

     Z = A + B*X + C*Y + D*X*Y
     A =  0.0007           B =  0.5189
     C =  4.5300           D = -5.8596

  Z = 18.1221
  scaling result for operating conditions
  multiplying by 1 gives 18.1221 (in library unit)


Rise transition = 36.7866
Fall transition = 18.1221
1
## 查詢 Setup 時間 (t_setup)
****************************************
Report : timing
	-path_type full_clock_expanded
	-delay_type max
	-max_paths 1
	-sort_by slack
Design : simple
Version: W-2024.09-SP2
Date   : Tue Dec  2 06:50:23 2025
****************************************


  Startpoint: inp1 (input port clocked by tau2015_clk)
  Endpoint: l1 (negative level-sensitive latch clocked by tau2015_clk)
  Path Group: tau2015_clk
  Path Type: max

  Point                                                   Incr       Path
  ------------------------------------------------------------------------------
  clock tau2015_clk (rise edge)                           0.00       0.00
  clock network delay (propagated)                        0.00       0.00
  input external delay                                    5.00       5.00 r
  inp1 (in)                                               0.00       5.00 r
  l1/D (sky130_fd_sc_hd__dlxtn_1)                         0.00       5.00 r
  data arrival time                                                  5.00

  clock tau2015_clk (fall edge)                          25.00      25.00
  clock source latency                                    0.00      25.00
  tau2015_clk (in)                                        0.00      25.00 f
  l1/GATE_N (sky130_fd_sc_hd__dlxtn_1)                    0.00      25.00 f
  clock reconvergence pessimism                           0.00      25.00
  time borrowed from endpoint                             0.00      25.00
  data required time                                                25.00
  ------------------------------------------------------------------------------
  data required time                                                25.00
  data arrival time                                                 -5.00
  ------------------------------------------------------------------------------
  slack (MET)                                                       20.00

  Time Borrowing Information
  ------------------------------------------------------------------
  tau2015_clk nominal pulse width                        25.00 
  clock latency difference                                0.00 
  library setup time                                     -0.17 
  ------------------------------------------------------------------
  max time borrow                                        24.83 
  actual time borrow                                      0.00 
  ------------------------------------------------------------------


1
## 查詢 Hold 時間 (t_hold)
****************************************
Report : timing
	-path_type full_clock_expanded
	-delay_type min
	-max_paths 1
	-sort_by slack
Design : simple
Version: W-2024.09-SP2
Date   : Tue Dec  2 06:50:23 2025
****************************************


  Startpoint: inp1 (input port clocked by tau2015_clk)
  Endpoint: l1 (negative level-sensitive latch clocked by tau2015_clk)
  Path Group: tau2015_clk
  Path Type: min

  Point                                                   Incr       Path
  ------------------------------------------------------------------------------
  clock tau2015_clk (rise edge)                          50.00      50.00
  clock network delay (propagated)                        0.00      50.00
  input external delay                                    0.00      50.00 f
  inp1 (in)                                               0.00      50.00 f
  l1/D (sky130_fd_sc_hd__dlxtn_1)                         0.00      50.00 f
  data arrival time                                                 50.00

  clock tau2015_clk (rise edge)                          50.00      50.00
  clock source latency                                    0.00      50.00
  tau2015_clk (in)                                        0.00      50.00 r
  l1/GATE_N (sky130_fd_sc_hd__dlxtn_1)                    0.00      50.00 r
  clock reconvergence pessimism                           0.00      50.00
  library hold time                                      -0.13      49.87
  data required time                                                49.87
  ------------------------------------------------------------------------------
  data required time                                                49.87
  data arrival time                                                -50.00
  ------------------------------------------------------------------------------
  slack (MET)                                                        0.13


1
## 最差的兩條 Setup 路徑與 Hold 路徑
****************************************
Report : timing
	-path_type full
	-delay_type max
	-input_pins
	-nets
	-slack_lesser_than 7777.00
	-max_paths 2
	-sort_by slack
Design : simple
Version: W-2024.09-SP2
Date   : Tue Dec  2 06:50:23 2025
****************************************


  Startpoint: l1 (negative level-sensitive latch clocked by tau2015_clk)
  Endpoint: out (output port clocked by tau2015_clk)
  Path Group: tau2015_clk
  Path Type: max

  Point                                      Fanout       Incr       Path
  ------------------------------------------------------------------------------
  clock tau2015_clk (fall edge)                          25.00      25.00
  clock network delay (propagated)                        0.00      25.00
  l1/GATE_N (sky130_fd_sc_hd__dlxtn_1)                    0.00      25.00 f
  l1/Q (sky130_fd_sc_hd__dlxtn_1)                        26.00      51.01 r
  out (net)                                     1 
  out (out)                                               6.94      57.94 r
  data arrival time                                                 57.94

  clock tau2015_clk (rise edge)                          50.00      50.00
  clock network delay (propagated)                        0.00      50.00
  clock reconvergence pessimism                           0.00      50.00
  output external delay                                 -30.00      20.00
  data required time                                                20.00
  ------------------------------------------------------------------------------
  data required time                                                20.00
  data arrival time                                                -57.94
  ------------------------------------------------------------------------------
  slack (VIOLATED)                                                 -37.94


  Startpoint: inp1 (input port clocked by tau2015_clk)
  Endpoint: l1 (negative level-sensitive latch clocked by tau2015_clk)
  Path Group: tau2015_clk
  Path Type: max

  Point                                      Fanout       Incr       Path
  ------------------------------------------------------------------------------
  clock tau2015_clk (rise edge)                           0.00       0.00
  clock network delay (propagated)                        0.00       0.00
  input external delay                                    5.00       5.00 r
  inp1 (in)                                               0.00       5.00 r
  inp1 (net)                                    1 
  l1/D (sky130_fd_sc_hd__dlxtn_1)                         0.00       5.00 r
  data arrival time                                                  5.00

  clock tau2015_clk (fall edge)                          25.00      25.00
  clock network delay (propagated)                        0.00      25.00
  l1/GATE_N (sky130_fd_sc_hd__dlxtn_1)                              25.00 f
  clock reconvergence pessimism                           0.00      25.00
  time borrowed from endpoint                             0.00      25.00
  data required time                                                25.00
  ------------------------------------------------------------------------------
  data required time                                                25.00
  data arrival time                                                 -5.00
  ------------------------------------------------------------------------------
  slack (MET)                                                       20.00

  Time Borrowing Information
  ------------------------------------------------------------------
  tau2015_clk nominal pulse width                        25.00 
  clock latency difference                                0.00 
  library setup time                                     -0.17 
  ------------------------------------------------------------------
  max time borrow                                        24.83 
  actual time borrow                                      0.00 
  ------------------------------------------------------------------


1
****************************************
Report : timing
	-path_type full
	-delay_type min
	-input_pins
	-nets
	-slack_lesser_than 7777.00
	-max_paths 2
	-sort_by slack
Design : simple
Version: W-2024.09-SP2
Date   : Tue Dec  2 06:50:23 2025
****************************************


  Startpoint: inp1 (input port clocked by tau2015_clk)
  Endpoint: l1 (negative level-sensitive latch clocked by tau2015_clk)
  Path Group: tau2015_clk
  Path Type: min

  Point                                      Fanout       Incr       Path
  ------------------------------------------------------------------------------
  clock tau2015_clk (rise edge)                          50.00      50.00
  clock network delay (propagated)                        0.00      50.00
  input external delay                                    0.00      50.00 f
  inp1 (in)                                               0.00      50.00 f
  inp1 (net)                                    1 
  l1/D (sky130_fd_sc_hd__dlxtn_1)                         0.00      50.00 f
  data arrival time                                                 50.00

  clock tau2015_clk (rise edge)                          50.00      50.00
  clock network delay (propagated)                        0.00      50.00
  l1/GATE_N (sky130_fd_sc_hd__dlxtn_1)                              50.00 r
  clock reconvergence pessimism                           0.00      50.00
  library hold time                                      -0.13      49.87
  data required time                                                49.87
  ------------------------------------------------------------------------------
  data required time                                                49.87
  data arrival time                                                -50.00
  ------------------------------------------------------------------------------
  slack (MET)                                                        0.13


  Startpoint: l1 (negative level-sensitive latch clocked by tau2015_clk)
  Endpoint: out (output port clocked by tau2015_clk)
  Path Group: tau2015_clk
  Path Type: min

  Point                                      Fanout       Incr       Path
  ------------------------------------------------------------------------------
  clock tau2015_clk (fall edge)                          25.00      25.00
  clock network delay (propagated)                        0.00      25.00
  l1/GATE_N (sky130_fd_sc_hd__dlxtn_1)                    0.00      25.00 f
  l1/Q (sky130_fd_sc_hd__dlxtn_1)                        13.62      38.63 f
  out (net)                                     1 
  out (out)                                               6.94      45.56 f
  data arrival time                                                 45.56

  clock tau2015_clk (rise edge)                           0.00       0.00
  clock network delay (propagated)                        0.00       0.00
  clock reconvergence pessimism                           0.00       0.00
  output external delay                                  10.00      10.00
  data required time                                                10.00
  ------------------------------------------------------------------------------
  data required time                                                10.00
  data arrival time                                                -45.56
  ------------------------------------------------------------------------------
  slack (MET)                                                       35.56


1
報告所有違反規則的路徑 (Violators)
****************************************
Report : constraint
	-all_violators
	-path slack_only
Design : simple
Version: W-2024.09-SP2
Date   : Tue Dec  2 06:50:23 2025
****************************************


   max_delay/setup ('tau2015_clk' group)

   Endpoint                                                  Slack
   -----------------------------------------------------------------
   out                                                      -37.94  (VIOLATED)



   max_capacitance

                             Required        Actual
   Pin                      Capacitance    Capacitance       Slack
   -----------------------------------------------------------------
   l1/Q                         0.16           4.00          -3.84  (VIOLATED)


   max_transition

                             Required        Actual
   Pin                      Transition     Transition        Slack
   -----------------------------------------------------------------
   l1/Q                         1.50          36.79         -35.29  (VIOLATED)


1
